<?xml version="1.0" encoding="UTF-8"?>
<testng-results skipped="0" failed="0" ignored="0" total="1" passed="1">
  <reporter-output>
  </reporter-output>
  <suite name="Default suite" duration-ms="24797" started-at="2021-01-13T20:04:28 CST" finished-at="2021-01-13T20:04:53 CST">
    <groups>
    </groups>
    <test name="Default test" duration-ms="24797" started-at="2021-01-13T20:04:28 CST" finished-at="2021-01-13T20:04:53 CST">
      <class name="test.AddCustomerTest">
        <test-method status="PASS" signature="userShouldBeAbleToCreateNewCustomer()[pri:0, instance:test.AddCustomerTest@34e9fd99]" name="userShouldBeAbleToCreateNewCustomer" duration-ms="24757" started-at="2021-01-13T20:04:28 CST" finished-at="2021-01-13T20:04:53 CST">
          <reporter-output>
          </reporter-output>
        </test-method> <!-- userShouldBeAbleToCreateNewCustomer -->
      </class> <!-- test.AddCustomerTest -->
    </test> <!-- Default test -->
  </suite> <!-- Default suite -->
</testng-results>
